[debug] [2019-08-12T17:52:53.447Z] ----------------------------------------------------------------------
[debug] [2019-08-12T17:52:53.449Z] Command:       /Users/kendall/.nvm/versions/node/v8.16.0/bin/node /Users/kendall/.nvm/versions/node/v8.16.0/bin/firebase deploy
[debug] [2019-08-12T17:52:53.449Z] CLI Version:   7.2.2
[debug] [2019-08-12T17:52:53.449Z] Platform:      darwin
[debug] [2019-08-12T17:52:53.449Z] Node Version:  v8.16.0
[debug] [2019-08-12T17:52:53.449Z] Time:          Mon Aug 12 2019 13:52:53 GMT-0400 (EDT)
[debug] [2019-08-12T17:52:53.449Z] ----------------------------------------------------------------------
[debug] 
[debug] [2019-08-12T17:52:53.457Z] > command requires scopes: ["email","openid","https://www.googleapis.com/auth/cloudplatformprojects.readonly","https://www.googleapis.com/auth/firebase","https://www.googleapis.com/auth/cloud-platform"]
[debug] [2019-08-12T17:52:53.457Z] > authorizing via signed-in user
[debug] [2019-08-12T17:52:53.457Z] [iam] checking project pooltablerugs for permissions ["cloudfunctions.functions.create","cloudfunctions.functions.delete","cloudfunctions.functions.get","cloudfunctions.functions.list","cloudfunctions.functions.update","cloudfunctions.operations.get","datastore.indexes.create","datastore.indexes.delete","datastore.indexes.list","datastore.indexes.update","firebase.projects.get","firebasehosting.sites.update","firebaserules.releases.create","firebaserules.releases.update","firebaserules.rulesets.create"]
[debug] [2019-08-12T17:52:53.458Z] >>> HTTP REQUEST POST https://cloudresourcemanager.googleapis.com/v1/projects/pooltablerugs:testIamPermissions  

[debug] [2019-08-12T17:52:53.801Z] <<< HTTP RESPONSE 200
[debug] [2019-08-12T17:52:53.802Z] >>> HTTP REQUEST GET https://firebase.googleapis.com/v1beta1/projects/pooltablerugs  
 
[debug] [2019-08-12T17:52:54.189Z] <<< HTTP RESPONSE 200
[info] 
[info] === Deploying to 'pooltablerugs'...
[info] 
[info] i  deploying storage, firestore, functions, hosting
[info] Running command: npm --prefix "$RESOURCE_DIR" run lint
[info] ✔  functions: Finished running predeploy script.
[debug] [2019-08-12T17:52:57.229Z] >>> HTTP REQUEST GET https://appengine.googleapis.com/v1/apps/pooltablerugs  
 
[debug] [2019-08-12T17:52:57.638Z] <<< HTTP RESPONSE 200
[info] i  storage: checking storage.rules for compilation errors...
[debug] [2019-08-12T17:52:57.640Z] >>> HTTP REQUEST POST https://firebaserules.googleapis.com/v1/projects/pooltablerugs:test  

[debug] [2019-08-12T17:52:57.949Z] <<< HTTP RESPONSE 200
[info] ✔  storage: rules file storage.rules compiled successfully
[info] i  firestore: checking firestore.rules for compilation errors...
[info] i  firestore: reading indexes from firestore.indexes.json...
[debug] [2019-08-12T17:52:57.953Z] >>> HTTP REQUEST POST https://firebaserules.googleapis.com/v1/projects/pooltablerugs:test  

[debug] [2019-08-12T17:52:58.108Z] <<< HTTP RESPONSE 200
[info] ✔  firestore: rules file firestore.rules compiled successfully
[debug] [2019-08-12T17:52:58.112Z] > [functions] package.json contents: {
  "name": "functions",
  "description": "Cloud Functions for Firebase",
  "scripts": {
    "lint": "eslint .",
    "serve": "firebase serve --only functions",
    "shell": "firebase functions:shell",
    "start": "npm run shell",
    "deploy": "firebase deploy --only functions",
    "logs": "firebase functions:log"
  },
  "engines": {
    "node": "8"
  },
  "dependencies": {
    "firebase-admin": "^8.0.0",
    "firebase-functions": "^3.1.0"
  },
  "devDependencies": {
    "eslint": "^5.12.0",
    "eslint-plugin-promise": "^4.0.1",
    "firebase-functions-test": "^0.1.6"
  },
  "private": true
}
[info] i  functions: ensuring necessary APIs are enabled...
[debug] [2019-08-12T17:52:58.113Z] >>> HTTP REQUEST GET https://serviceusage.googleapis.com/v1/projects/pooltablerugs/services/cloudfunctions.googleapis.com  
 
[debug] [2019-08-12T17:52:58.114Z] >>> HTTP REQUEST GET https://serviceusage.googleapis.com/v1/projects/pooltablerugs/services/runtimeconfig.googleapis.com  
 
[debug] [2019-08-12T17:52:58.462Z] <<< HTTP RESPONSE 200
[debug] [2019-08-12T17:52:58.492Z] <<< HTTP RESPONSE 200
[info] ✔  functions: all necessary APIs are enabled
[debug] [2019-08-12T17:52:58.494Z] >>> HTTP REQUEST GET https://firebase.googleapis.com/v1beta1/projects/pooltablerugs/adminSdkConfig  
 
[debug] [2019-08-12T17:52:58.709Z] <<< HTTP RESPONSE 200
[debug] [2019-08-12T17:52:58.711Z] >>> HTTP REQUEST POST https://firebasehosting.googleapis.com/v1beta1/sites/pooltablerugs/versions  

